<?xml version="1.0" encoding="UTF-8"?>
<!-- Generated by org.testng.reporters.JUnitReportReporter -->
<testsuite hostname="CAPL-LT101" failures="0" tests="6" name="testCases.TC003_LoginDDT" time="67.821" errors="0" timestamp="2024-12-03T12:35:57 IST" skipped="0">
  <testcase classname="testCases.TC003_LoginDDT" name="verify_loginDDT" time="6.810"/>
  <testcase classname="testCases.TC003_LoginDDT" name="verify_loginDDT" time="15.687"/>
  <testcase classname="testCases.TC003_LoginDDT" name="verify_loginDDT" time="15.676"/>
  <testcase classname="testCases.TC003_LoginDDT" name="verify_loginDDT" time="15.590"/>
  <testcase classname="testCases.TC003_LoginDDT" name="verify_loginDDT" time="6.800"/>
  <testcase classname="testCases.TC003_LoginDDT" name="verify_loginDDT" time="7.258"/>
</testsuite> <!-- testCases.TC003_LoginDDT -->
