<?xml version="1.0" encoding="UTF-8"?>
<!-- Generated by org.testng.reporters.JUnitReportReporter -->
<testsuite hostname="CAPL-LT101" failures="0" tests="1" name="testCases.TC002_LoginTest" time="2.854" errors="0" timestamp="2024-12-16T11:14:33 IST" skipped="0">
  <testcase classname="testCases.TC002_LoginTest" name="Verify_Login" time="2.854"/>
  <system-out/>
</testsuite> <!-- testCases.TC002_LoginTest -->
