<?xml version="1.0" encoding="UTF-8"?>
<!-- Generated by org.testng.reporters.JUnitReportReporter -->
<testsuite hostname="CAPL-LT101" failures="0" tests="1" name="testCases.TC002_LoginTest" time="3.751" errors="0" timestamp="2024-12-16T18:14:01 IST" skipped="0">
  <testcase classname="testCases.TC002_LoginTest" name="Verify_Login" time="3.751"/>
</testsuite> <!-- testCases.TC002_LoginTest -->
